[09:53:47] [ServerMain/INFO]: [bootstrap] Running Java 21 (OpenJDK 64-Bit Server VM 21.0.6+7-LTS; Eclipse Adoptium Temurin-21.0.6+7) on Windows 11 10.0 (amd64)
[09:53:47] [ServerMain/INFO]: [bootstrap] Loading Paper 1.21-130-master@b1b5d4c (2024-08-10T10:02:42Z) for Minecraft 1.21
[09:53:47] [ServerMain/INFO]: [PluginInitializerManager] Initializing plugins...
[09:53:47] [Paper Plugin Remapper Thread - 2/INFO]: [PluginRemapper] Remapping plugin 'D:\Projects\MInecraft Plugin\YoTPA\build\libs\YoTPA-1.0-all.jar'...
[09:53:48] [Paper Plugin Remapper Thread - 2/INFO]: [PluginRemapper] Done remapping plugin 'D:\Projects\MInecraft Plugin\YoTPA\build\libs\YoTPA-1.0-all.jar' in 728ms.
[09:53:48] [ServerMain/INFO]: [PluginInitializerManager] Initialized 1 plugin
[09:53:48] [ServerMain/INFO]: [PluginInitializerManager] Bukkit plugins (1):
 - YoTPA (1.0)
[09:53:51] [ServerMain/INFO]: Environment: Environment[sessionHost=https://sessionserver.mojang.com, servicesHost=https://api.minecraftservices.com, name=PROD]
[09:53:51] [ServerMain/INFO]: Found new data pack file/bukkit, loading it automatically
[09:53:51] [ServerMain/INFO]: Found new data pack paper, loading it automatically
[09:53:52] [ServerMain/INFO]: No existing world data, creating new world
[09:53:52] [ServerMain/INFO]: Loaded 1290 recipes
[09:53:52] [ServerMain/INFO]: Loaded 1399 advancements
[09:53:53] [Server thread/INFO]: Starting minecraft server version 1.21
[09:53:53] [Server thread/INFO]: Loading properties
[09:53:53] [Server thread/INFO]: This server is running Paper version 1.21-130-master@b1b5d4c (2024-08-10T10:02:42Z) (Implementing API version 1.21-R0.1-SNAPSHOT)
[09:53:53] [Server thread/INFO]: [spark] This server bundles the spark profiler. For more information please visit https://docs.papermc.io/paper/profiling
[09:53:53] [Server thread/INFO]: Server Ping Player Sample Count: 12
[09:53:53] [Server thread/INFO]: Using 4 threads for Netty based IO
[09:53:53] [Server thread/INFO]: [ChunkTaskScheduler] Chunk system is using 1 I/O threads, 8 worker threads, and population gen parallelism of 8 threads
[09:53:54] [Server thread/INFO]: Default game type: SURVIVAL
[09:53:54] [Server thread/INFO]: Generating keypair
[09:53:54] [Server thread/INFO]: Starting Minecraft server on *:25565
[09:53:54] [Server thread/INFO]: Using default channel type
[09:53:54] [Server thread/INFO]: Paper: Using Java compression from Velocity.
[09:53:54] [Server thread/INFO]: Paper: Using Java cipher from Velocity.
[09:53:54] [Server thread/INFO]: [YoTPA] Loading server plugin YoTPA v1.0
[09:53:54] [Server thread/INFO]: Preparing level "world"
[09:53:56] [Server thread/INFO]: Preparing start region for dimension minecraft:overworld
[09:53:58] [Server thread/INFO]: Time elapsed: 1251 ms
[09:53:58] [Server thread/INFO]: Preparing start region for dimension minecraft:the_nether
[09:53:58] [Server thread/INFO]: Time elapsed: 223 ms
[09:53:58] [Server thread/INFO]: Preparing start region for dimension minecraft:the_end
[09:53:58] [Server thread/INFO]: Time elapsed: 212 ms
[09:53:58] [Server thread/INFO]: [YoTPA] Enabling YoTPA v1.0
[09:53:58] [Server thread/INFO]: [YoTPA] YoTPA plugin has been enabled for RELAX!
[09:53:58] [Server thread/INFO]: [spark] Starting background profiler...
[09:53:58] [Server thread/INFO]: [spark] The async-profiler engine is not supported for your os/arch (windows11/amd64), so the built-in Java engine will be used instead.
[09:53:58] [Server thread/INFO]: Done preparing level "world" (4.528s)
[09:53:58] [Server thread/INFO]: Running delayed init tasks
[09:53:58] [Server thread/INFO]: Done (12.157s)! For help, type "help"
[09:53:58] [Server thread/INFO]: *************************************************************************************
[09:53:58] [Server thread/INFO]: This is the first time you're starting this server.
[09:53:58] [Server thread/INFO]: It's recommended you read our 'Getting Started' documentation for guidance.
[09:53:58] [Server thread/INFO]: View this and more helpful information here: https://docs.papermc.io/paper/next-steps
[09:53:58] [Server thread/INFO]: *************************************************************************************
[09:53:58] [Server thread/INFO]: Timings Reset
